<?xml version="1.0" encoding="UTF-8"?>
<testsuite name="com.levnovikov.proto.shared.AndroidGreetingTest" tests="1" skipped="0" failures="0" errors="0" timestamp="2021-03-17T09:02:34" hostname="Admins-MBP" time="0.012">
  <properties/>
  <testcase name="testExample" classname="com.levnovikov.proto.shared.AndroidGreetingTest" time="0.012"/>
  <system-out><![CDATA[]]></system-out>
  <system-err><![CDATA[]]></system-err>
</testsuite>
